2026-05-16 21:32:50,719 [ERROR] app.routers.registr: Unexpected login error for user 'Ruslan': hash could not be identified
Traceback (most recent call last):
  File "D:\Projects_VSCode\Python\github-projects\Cutto\app\routers\registr.py", line 60, in login
    if not pwd_context.verify(data.password, item.password):
           ^^^^^^^^^^^^^^^^^^^^^^^^^^^^^^^^^^^^^^^^^^^^^^^^
  File "d:\Projects_VSCode\Python\github-projects\Cutto\.venv\Lib\site-packages\passlib\context.py", line 2343, in verify
    record = self._get_or_identify_record(hash, scheme, category)
             ^^^^^^^^^^^^^^^^^^^^^^^^^^^^^^^^^^^^^^^^^^^^^^^^^^^^
  File "d:\Projects_VSCode\Python\github-projects\Cutto\.venv\Lib\site-packages\passlib\context.py", line 2031, in _get_or_identify_record
    return self._identify_record(hash, category)
           ^^^^^^^^^^^^^^^^^^^^^^^^^^^^^^^^^^^^^
  File "d:\Projects_VSCode\Python\github-projects\Cutto\.venv\Lib\site-packages\passlib\context.py", line 1132, in identify_record
    raise exc.UnknownHashError("hash could not be identified")
passlib.exc.UnknownHashError: hash could not be identified
2026-05-16 21:33:13,650 [ERROR] app.routers.registr: Unexpected login error for user 'Ruslan': hash could not be identified
Traceback (most recent call last):
  File "D:\Projects_VSCode\Python\github-projects\Cutto\app\routers\registr.py", line 60, in login
    if not pwd_context.verify(data.password, item.password):
           ^^^^^^^^^^^^^^^^^^^^^^^^^^^^^^^^^^^^^^^^^^^^^^^^
  File "d:\Projects_VSCode\Python\github-projects\Cutto\.venv\Lib\site-packages\passlib\context.py", line 2343, in verify
    record = self._get_or_identify_record(hash, scheme, category)
             ^^^^^^^^^^^^^^^^^^^^^^^^^^^^^^^^^^^^^^^^^^^^^^^^^^^^
  File "d:\Projects_VSCode\Python\github-projects\Cutto\.venv\Lib\site-packages\passlib\context.py", line 2031, in _get_or_identify_record
    return self._identify_record(hash, category)
           ^^^^^^^^^^^^^^^^^^^^^^^^^^^^^^^^^^^^^
  File "d:\Projects_VSCode\Python\github-projects\Cutto\.venv\Lib\site-packages\passlib\context.py", line 1132, in identify_record
    raise exc.UnknownHashError("hash could not be identified")
passlib.exc.UnknownHashError: hash could not be identified
2026-05-16 21:34:03,393 [ERROR] app.routers.registr: Unexpected login error for user 'Ruslan': hash could not be identified
Traceback (most recent call last):
  File "D:\Projects_VSCode\Python\github-projects\Cutto\app\routers\registr.py", line 60, in login
    if not pwd_context.verify(data.password, item.password):
           ^^^^^^^^^^^^^^^^^^^^^^^^^^^^^^^^^^^^^^^^^^^^^^^^
  File "d:\Projects_VSCode\Python\github-projects\Cutto\.venv\Lib\site-packages\passlib\context.py", line 2343, in verify
    record = self._get_or_identify_record(hash, scheme, category)
             ^^^^^^^^^^^^^^^^^^^^^^^^^^^^^^^^^^^^^^^^^^^^^^^^^^^^
  File "d:\Projects_VSCode\Python\github-projects\Cutto\.venv\Lib\site-packages\passlib\context.py", line 2031, in _get_or_identify_record
    return self._identify_record(hash, category)
           ^^^^^^^^^^^^^^^^^^^^^^^^^^^^^^^^^^^^^
  File "d:\Projects_VSCode\Python\github-projects\Cutto\.venv\Lib\site-packages\passlib\context.py", line 1132, in identify_record
    raise exc.UnknownHashError("hash could not be identified")
passlib.exc.UnknownHashError: hash could not be identified
2026-05-16 21:34:06,878 [ERROR] app.routers.registr: Unexpected login error for user 'Ruslan': hash could not be identified
Traceback (most recent call last):
  File "D:\Projects_VSCode\Python\github-projects\Cutto\app\routers\registr.py", line 60, in login
    if not pwd_context.verify(data.password, item.password):
           ^^^^^^^^^^^^^^^^^^^^^^^^^^^^^^^^^^^^^^^^^^^^^^^^
  File "d:\Projects_VSCode\Python\github-projects\Cutto\.venv\Lib\site-packages\passlib\context.py", line 2343, in verify
    record = self._get_or_identify_record(hash, scheme, category)
             ^^^^^^^^^^^^^^^^^^^^^^^^^^^^^^^^^^^^^^^^^^^^^^^^^^^^
  File "d:\Projects_VSCode\Python\github-projects\Cutto\.venv\Lib\site-packages\passlib\context.py", line 2031, in _get_or_identify_record
    return self._identify_record(hash, category)
           ^^^^^^^^^^^^^^^^^^^^^^^^^^^^^^^^^^^^^
  File "d:\Projects_VSCode\Python\github-projects\Cutto\.venv\Lib\site-packages\passlib\context.py", line 1132, in identify_record
    raise exc.UnknownHashError("hash could not be identified")
passlib.exc.UnknownHashError: hash could not be identified
2026-05-16 22:38:42,840 [ERROR] app.routers.links: Failed to create link for user None: Error Multiple exceptions: [Errno 10013] Connect call failed ('::1', 6379, 0, 0), [Errno 10061] Connect call failed ('127.0.0.1', 6379) connecting to localhost:6379.
Traceback (most recent call last):
  File "d:\Projects_VSCode\Python\github-projects\Cutto\.venv\Lib\site-packages\redis\asyncio\connection.py", line 371, in connect_check_health
    await self._connect()
  File "d:\Projects_VSCode\Python\github-projects\Cutto\.venv\Lib\site-packages\redis\asyncio\connection.py", line 895, in _connect
    reader, writer = await asyncio.open_connection(
                     ^^^^^^^^^^^^^^^^^^^^^^^^^^^^^^
  File "C:\Users\Đóńëŕí\AppData\Local\Programs\Python\Python312\Lib\asyncio\streams.py", line 48, in open_connection
    transport, _ = await loop.create_connection(
                   ^^^^^^^^^^^^^^^^^^^^^^^^^^^^^
  File "C:\Users\Đóńëŕí\AppData\Local\Programs\Python\Python312\Lib\asyncio\base_events.py", line 1140, in create_connection
    raise OSError('Multiple exceptions: {}'.format(
OSError: Multiple exceptions: [Errno 10013] Connect call failed ('::1', 6379, 0, 0), [Errno 10061] Connect call failed ('127.0.0.1', 6379)

During handling of the above exception, another exception occurred:

Traceback (most recent call last):
  File "D:\Projects_VSCode\Python\github-projects\Cutto\app\routers\links.py", line 203, in create
    await redis.set(cache_key, str(data.url), ex=3600)
  File "d:\Projects_VSCode\Python\github-projects\Cutto\.venv\Lib\site-packages\redis\asyncio\client.py", line 764, in execute_command
    conn = self.connection or await pool.get_connection()
                              ^^^^^^^^^^^^^^^^^^^^^^^^^^^
  File "d:\Projects_VSCode\Python\github-projects\Cutto\.venv\Lib\site-packages\redis\utils.py", line 227, in async_wrapper
    return await func(*args, **kwargs)
           ^^^^^^^^^^^^^^^^^^^^^^^^^^^
  File "d:\Projects_VSCode\Python\github-projects\Cutto\.venv\Lib\site-packages\redis\asyncio\connection.py", line 1448, in get_connection
    await self.ensure_connection(connection)
  File "d:\Projects_VSCode\Python\github-projects\Cutto\.venv\Lib\site-packages\redis\asyncio\connection.py", line 1489, in ensure_connection
    await connection.connect()
  File "d:\Projects_VSCode\Python\github-projects\Cutto\.venv\Lib\site-packages\redis\asyncio\connection.py", line 340, in connect
    await self.retry.call_with_retry(
  File "d:\Projects_VSCode\Python\github-projects\Cutto\.venv\Lib\site-packages\redis\asyncio\retry.py", line 81, in call_with_retry
    raise error
  File "d:\Projects_VSCode\Python\github-projects\Cutto\.venv\Lib\site-packages\redis\asyncio\retry.py", line 69, in call_with_retry
    return await do()
           ^^^^^^^^^^
  File "d:\Projects_VSCode\Python\github-projects\Cutto\.venv\Lib\site-packages\redis\asyncio\connection.py", line 397, in connect_check_health
    raise e
redis.exceptions.ConnectionError: Error Multiple exceptions: [Errno 10013] Connect call failed ('::1', 6379, 0, 0), [Errno 10061] Connect call failed ('127.0.0.1', 6379) connecting to localhost:6379.
2026-05-16 22:42:47,757 [ERROR] app.routers.links: Failed to create link for user None: Error Multiple exceptions: [Errno 10013] Connect call failed ('::1', 6379, 0, 0), [Errno 10061] Connect call failed ('127.0.0.1', 6379) connecting to localhost:6379.
Traceback (most recent call last):
  File "d:\Projects_VSCode\Python\github-projects\Cutto\.venv\Lib\site-packages\redis\asyncio\connection.py", line 371, in connect_check_health
    await self._connect()
  File "d:\Projects_VSCode\Python\github-projects\Cutto\.venv\Lib\site-packages\redis\asyncio\connection.py", line 895, in _connect
    reader, writer = await asyncio.open_connection(
                     ^^^^^^^^^^^^^^^^^^^^^^^^^^^^^^
  File "C:\Users\Đóńëŕí\AppData\Local\Programs\Python\Python312\Lib\asyncio\streams.py", line 48, in open_connection
    transport, _ = await loop.create_connection(
                   ^^^^^^^^^^^^^^^^^^^^^^^^^^^^^
  File "C:\Users\Đóńëŕí\AppData\Local\Programs\Python\Python312\Lib\asyncio\base_events.py", line 1140, in create_connection
    raise OSError('Multiple exceptions: {}'.format(
OSError: Multiple exceptions: [Errno 10013] Connect call failed ('::1', 6379, 0, 0), [Errno 10061] Connect call failed ('127.0.0.1', 6379)

During handling of the above exception, another exception occurred:

Traceback (most recent call last):
  File "D:\Projects_VSCode\Python\github-projects\Cutto\app\routers\links.py", line 209, in create
    await redis.set(cache_key, str(data.url), ex=3600)
  File "d:\Projects_VSCode\Python\github-projects\Cutto\.venv\Lib\site-packages\redis\asyncio\client.py", line 764, in execute_command
    conn = self.connection or await pool.get_connection()
                              ^^^^^^^^^^^^^^^^^^^^^^^^^^^
  File "d:\Projects_VSCode\Python\github-projects\Cutto\.venv\Lib\site-packages\redis\utils.py", line 227, in async_wrapper
    return await func(*args, **kwargs)
           ^^^^^^^^^^^^^^^^^^^^^^^^^^^
  File "d:\Projects_VSCode\Python\github-projects\Cutto\.venv\Lib\site-packages\redis\asyncio\connection.py", line 1448, in get_connection
    await self.ensure_connection(connection)
  File "d:\Projects_VSCode\Python\github-projects\Cutto\.venv\Lib\site-packages\redis\asyncio\connection.py", line 1489, in ensure_connection
    await connection.connect()
  File "d:\Projects_VSCode\Python\github-projects\Cutto\.venv\Lib\site-packages\redis\asyncio\connection.py", line 340, in connect
    await self.retry.call_with_retry(
  File "d:\Projects_VSCode\Python\github-projects\Cutto\.venv\Lib\site-packages\redis\asyncio\retry.py", line 81, in call_with_retry
    raise error
  File "d:\Projects_VSCode\Python\github-projects\Cutto\.venv\Lib\site-packages\redis\asyncio\retry.py", line 69, in call_with_retry
    return await do()
           ^^^^^^^^^^
  File "d:\Projects_VSCode\Python\github-projects\Cutto\.venv\Lib\site-packages\redis\asyncio\connection.py", line 397, in connect_check_health
    raise e
redis.exceptions.ConnectionError: Error Multiple exceptions: [Errno 10013] Connect call failed ('::1', 6379, 0, 0), [Errno 10061] Connect call failed ('127.0.0.1', 6379) connecting to localhost:6379.
2026-05-16 22:43:51,204 [ERROR] app.routers.links: Failed to create link for user None: Error Multiple exceptions: [Errno 10013] Connect call failed ('::1', 6379, 0, 0), [Errno 10061] Connect call failed ('127.0.0.1', 6379) connecting to localhost:6379.
Traceback (most recent call last):
  File "d:\Projects_VSCode\Python\github-projects\Cutto\.venv\Lib\site-packages\redis\asyncio\connection.py", line 371, in connect_check_health
    await self._connect()
  File "d:\Projects_VSCode\Python\github-projects\Cutto\.venv\Lib\site-packages\redis\asyncio\connection.py", line 895, in _connect
    reader, writer = await asyncio.open_connection(
                     ^^^^^^^^^^^^^^^^^^^^^^^^^^^^^^
  File "C:\Users\Đóńëŕí\AppData\Local\Programs\Python\Python312\Lib\asyncio\streams.py", line 48, in open_connection
    transport, _ = await loop.create_connection(
                   ^^^^^^^^^^^^^^^^^^^^^^^^^^^^^
  File "C:\Users\Đóńëŕí\AppData\Local\Programs\Python\Python312\Lib\asyncio\base_events.py", line 1140, in create_connection
    raise OSError('Multiple exceptions: {}'.format(
OSError: Multiple exceptions: [Errno 10013] Connect call failed ('::1', 6379, 0, 0), [Errno 10061] Connect call failed ('127.0.0.1', 6379)

During handling of the above exception, another exception occurred:

Traceback (most recent call last):
  File "D:\Projects_VSCode\Python\github-projects\Cutto\app\routers\links.py", line 209, in create
    await redis.set(cache_key, str(data.url), ex=3600)
  File "d:\Projects_VSCode\Python\github-projects\Cutto\.venv\Lib\site-packages\redis\asyncio\client.py", line 764, in execute_command
    conn = self.connection or await pool.get_connection()
                              ^^^^^^^^^^^^^^^^^^^^^^^^^^^
  File "d:\Projects_VSCode\Python\github-projects\Cutto\.venv\Lib\site-packages\redis\utils.py", line 227, in async_wrapper
    return await func(*args, **kwargs)
           ^^^^^^^^^^^^^^^^^^^^^^^^^^^
  File "d:\Projects_VSCode\Python\github-projects\Cutto\.venv\Lib\site-packages\redis\asyncio\connection.py", line 1448, in get_connection
    await self.ensure_connection(connection)
  File "d:\Projects_VSCode\Python\github-projects\Cutto\.venv\Lib\site-packages\redis\asyncio\connection.py", line 1489, in ensure_connection
    await connection.connect()
  File "d:\Projects_VSCode\Python\github-projects\Cutto\.venv\Lib\site-packages\redis\asyncio\connection.py", line 340, in connect
    await self.retry.call_with_retry(
  File "d:\Projects_VSCode\Python\github-projects\Cutto\.venv\Lib\site-packages\redis\asyncio\retry.py", line 81, in call_with_retry
    raise error
  File "d:\Projects_VSCode\Python\github-projects\Cutto\.venv\Lib\site-packages\redis\asyncio\retry.py", line 69, in call_with_retry
    return await do()
           ^^^^^^^^^^
  File "d:\Projects_VSCode\Python\github-projects\Cutto\.venv\Lib\site-packages\redis\asyncio\connection.py", line 397, in connect_check_health
    raise e
redis.exceptions.ConnectionError: Error Multiple exceptions: [Errno 10013] Connect call failed ('::1', 6379, 0, 0), [Errno 10061] Connect call failed ('127.0.0.1', 6379) connecting to localhost:6379.
2026-05-16 23:07:22,996 [ERROR] app.functions: Critical error in link_cleaner: (sqlalchemy.dialects.postgresql.asyncpg.Error) <class 'asyncpg.exceptions.ConnectionDoesNotExistError'>: connection was closed in the middle of operation
[SQL: DELETE FROM links WHERE links.expire_at < $1::TIMESTAMP WITHOUT TIME ZONE]
[parameters: (datetime.datetime(2026, 5, 16, 23, 7, 22, 993662),)]
(Background on this error at: https://sqlalche.me/e/20/dbapi)
Traceback (most recent call last):
  File "C:\Users\Đóńëŕí\AppData\Local\Programs\Python\Python312\Lib\asyncio\selector_events.py", line 1013, in _read_ready__data_received
    data = self._sock.recv(self.max_size)
           ^^^^^^^^^^^^^^^^^^^^^^^^^^^^^^
ConnectionResetError: [WinError 10054] Óäŕëĺííűé őîńň ďđčíóäčňĺëüíî đŕçîđâŕë ńóůĺńňâóţůĺĺ ďîäęëţ÷ĺíčĺ

The above exception was the direct cause of the following exception:

Traceback (most recent call last):
  File "d:\Projects_VSCode\Python\github-projects\Cutto\.venv\Lib\site-packages\sqlalchemy\dialects\postgresql\asyncpg.py", line 848, in _start_transaction
    await self._transaction.start()
  File "d:\Projects_VSCode\Python\github-projects\Cutto\.venv\Lib\site-packages\asyncpg\transaction.py", line 146, in start
    await self._connection.execute(query)
  File "d:\Projects_VSCode\Python\github-projects\Cutto\.venv\Lib\site-packages\asyncpg\connection.py", line 354, in execute
    result = await self._protocol.query(query, timeout)
             ^^^^^^^^^^^^^^^^^^^^^^^^^^^^^^^^^^^^^^^^^^
  File "asyncpg/protocol/protocol.pyx", line 369, in query
asyncpg.exceptions.ConnectionDoesNotExistError: connection was closed in the middle of operation

The above exception was the direct cause of the following exception:

Traceback (most recent call last):
  File "d:\Projects_VSCode\Python\github-projects\Cutto\.venv\Lib\site-packages\sqlalchemy\engine\base.py", line 1967, in _exec_single_context
    self.dialect.do_execute(
  File "d:\Projects_VSCode\Python\github-projects\Cutto\.venv\Lib\site-packages\sqlalchemy\engine\default.py", line 952, in do_execute
    cursor.execute(statement, parameters)
  File "d:\Projects_VSCode\Python\github-projects\Cutto\.venv\Lib\site-packages\sqlalchemy\dialects\postgresql\asyncpg.py", line 585, in execute
    self._adapt_connection.await_(
  File "d:\Projects_VSCode\Python\github-projects\Cutto\.venv\Lib\site-packages\sqlalchemy\util\_concurrency_py3k.py", line 132, in await_only
    return current.parent.switch(awaitable)  # type: ignore[no-any-return,attr-defined] # noqa: E501
           ^^^^^^^^^^^^^^^^^^^^^^^^^^^^^^^^
  File "d:\Projects_VSCode\Python\github-projects\Cutto\.venv\Lib\site-packages\sqlalchemy\util\_concurrency_py3k.py", line 196, in greenlet_spawn
    value = await result
            ^^^^^^^^^^^^
  File "d:\Projects_VSCode\Python\github-projects\Cutto\.venv\Lib\site-packages\sqlalchemy\dialects\postgresql\asyncpg.py", line 520, in _prepare_and_execute
    await adapt_connection._start_transaction()
  File "d:\Projects_VSCode\Python\github-projects\Cutto\.venv\Lib\site-packages\sqlalchemy\dialects\postgresql\asyncpg.py", line 850, in _start_transaction
    self._handle_exception(error)
  File "d:\Projects_VSCode\Python\github-projects\Cutto\.venv\Lib\site-packages\sqlalchemy\dialects\postgresql\asyncpg.py", line 797, in _handle_exception
    raise translated_error from error
sqlalchemy.dialects.postgresql.asyncpg.AsyncAdapt_asyncpg_dbapi.Error: <class 'asyncpg.exceptions.ConnectionDoesNotExistError'>: connection was closed in the middle of operation

The above exception was the direct cause of the following exception:

Traceback (most recent call last):
  File "D:\Projects_VSCode\Python\github-projects\Cutto\app\functions.py", line 41, in link_cleaner
    query = await session.execute(
            ^^^^^^^^^^^^^^^^^^^^^^
  File "d:\Projects_VSCode\Python\github-projects\Cutto\.venv\Lib\site-packages\sqlalchemy\ext\asyncio\session.py", line 449, in execute
    result = await greenlet_spawn(
             ^^^^^^^^^^^^^^^^^^^^^
  File "d:\Projects_VSCode\Python\github-projects\Cutto\.venv\Lib\site-packages\sqlalchemy\util\_concurrency_py3k.py", line 203, in greenlet_spawn
    result = context.switch(value)
             ^^^^^^^^^^^^^^^^^^^^^
  File "d:\Projects_VSCode\Python\github-projects\Cutto\.venv\Lib\site-packages\sqlalchemy\orm\session.py", line 2351, in execute
    return self._execute_internal(
           ^^^^^^^^^^^^^^^^^^^^^^^
  File "d:\Projects_VSCode\Python\github-projects\Cutto\.venv\Lib\site-packages\sqlalchemy\orm\session.py", line 2249, in _execute_internal
    result: Result[Any] = compile_state_cls.orm_execute_statement(
                          ^^^^^^^^^^^^^^^^^^^^^^^^^^^^^^^^^^^^^^^^
  File "d:\Projects_VSCode\Python\github-projects\Cutto\.venv\Lib\site-packages\sqlalchemy\orm\bulk_persistence.py", line 2033, in orm_execute_statement
    return super().orm_execute_statement(
           ^^^^^^^^^^^^^^^^^^^^^^^^^^^^^^
  File "d:\Projects_VSCode\Python\github-projects\Cutto\.venv\Lib\site-packages\sqlalchemy\orm\context.py", line 306, in orm_execute_statement
    result = conn.execute(
             ^^^^^^^^^^^^^
  File "d:\Projects_VSCode\Python\github-projects\Cutto\.venv\Lib\site-packages\sqlalchemy\engine\base.py", line 1419, in execute
    return meth(
           ^^^^^
  File "d:\Projects_VSCode\Python\github-projects\Cutto\.venv\Lib\site-packages\sqlalchemy\sql\elements.py", line 527, in _execute_on_connection
    return connection._execute_clauseelement(
           ^^^^^^^^^^^^^^^^^^^^^^^^^^^^^^^^^^
  File "d:\Projects_VSCode\Python\github-projects\Cutto\.venv\Lib\site-packages\sqlalchemy\engine\base.py", line 1641, in _execute_clauseelement
    ret = self._execute_context(
          ^^^^^^^^^^^^^^^^^^^^^^
  File "d:\Projects_VSCode\Python\github-projects\Cutto\.venv\Lib\site-packages\sqlalchemy\engine\base.py", line 1846, in _execute_context
    return self._exec_single_context(
           ^^^^^^^^^^^^^^^^^^^^^^^^^^
  File "d:\Projects_VSCode\Python\github-projects\Cutto\.venv\Lib\site-packages\sqlalchemy\engine\base.py", line 1986, in _exec_single_context
    self._handle_dbapi_exception(
  File "d:\Projects_VSCode\Python\github-projects\Cutto\.venv\Lib\site-packages\sqlalchemy\engine\base.py", line 2363, in _handle_dbapi_exception
    raise sqlalchemy_exception.with_traceback(exc_info[2]) from e
  File "d:\Projects_VSCode\Python\github-projects\Cutto\.venv\Lib\site-packages\sqlalchemy\engine\base.py", line 1967, in _exec_single_context
    self.dialect.do_execute(
  File "d:\Projects_VSCode\Python\github-projects\Cutto\.venv\Lib\site-packages\sqlalchemy\engine\default.py", line 952, in do_execute
    cursor.execute(statement, parameters)
  File "d:\Projects_VSCode\Python\github-projects\Cutto\.venv\Lib\site-packages\sqlalchemy\dialects\postgresql\asyncpg.py", line 585, in execute
    self._adapt_connection.await_(
  File "d:\Projects_VSCode\Python\github-projects\Cutto\.venv\Lib\site-packages\sqlalchemy\util\_concurrency_py3k.py", line 132, in await_only
    return current.parent.switch(awaitable)  # type: ignore[no-any-return,attr-defined] # noqa: E501
           ^^^^^^^^^^^^^^^^^^^^^^^^^^^^^^^^
  File "d:\Projects_VSCode\Python\github-projects\Cutto\.venv\Lib\site-packages\sqlalchemy\util\_concurrency_py3k.py", line 196, in greenlet_spawn
    value = await result
            ^^^^^^^^^^^^
  File "d:\Projects_VSCode\Python\github-projects\Cutto\.venv\Lib\site-packages\sqlalchemy\dialects\postgresql\asyncpg.py", line 520, in _prepare_and_execute
    await adapt_connection._start_transaction()
  File "d:\Projects_VSCode\Python\github-projects\Cutto\.venv\Lib\site-packages\sqlalchemy\dialects\postgresql\asyncpg.py", line 850, in _start_transaction
    self._handle_exception(error)
  File "d:\Projects_VSCode\Python\github-projects\Cutto\.venv\Lib\site-packages\sqlalchemy\dialects\postgresql\asyncpg.py", line 797, in _handle_exception
    raise translated_error from error
sqlalchemy.exc.DBAPIError: (sqlalchemy.dialects.postgresql.asyncpg.Error) <class 'asyncpg.exceptions.ConnectionDoesNotExistError'>: connection was closed in the middle of operation
[SQL: DELETE FROM links WHERE links.expire_at < $1::TIMESTAMP WITHOUT TIME ZONE]
[parameters: (datetime.datetime(2026, 5, 16, 23, 7, 22, 993662),)]
(Background on this error at: https://sqlalche.me/e/20/dbapi)
2026-05-16 23:18:39,216 [ERROR] app.routers.links: Failed to create link for user None: Error Multiple exceptions: [Errno 10013] Connect call failed ('::1', 6379, 0, 0), [Errno 10061] Connect call failed ('127.0.0.1', 6379) connecting to localhost:6379.
Traceback (most recent call last):
  File "d:\Projects_VSCode\Python\github-projects\Cutto\.venv\Lib\site-packages\redis\asyncio\connection.py", line 371, in connect_check_health
    await self._connect()
  File "d:\Projects_VSCode\Python\github-projects\Cutto\.venv\Lib\site-packages\redis\asyncio\connection.py", line 895, in _connect
    reader, writer = await asyncio.open_connection(
                     ^^^^^^^^^^^^^^^^^^^^^^^^^^^^^^
  File "C:\Users\Đóńëŕí\AppData\Local\Programs\Python\Python312\Lib\asyncio\streams.py", line 48, in open_connection
    transport, _ = await loop.create_connection(
                   ^^^^^^^^^^^^^^^^^^^^^^^^^^^^^
  File "C:\Users\Đóńëŕí\AppData\Local\Programs\Python\Python312\Lib\asyncio\base_events.py", line 1140, in create_connection
    raise OSError('Multiple exceptions: {}'.format(
OSError: Multiple exceptions: [Errno 10013] Connect call failed ('::1', 6379, 0, 0), [Errno 10061] Connect call failed ('127.0.0.1', 6379)

During handling of the above exception, another exception occurred:

Traceback (most recent call last):
  File "D:\Projects_VSCode\Python\github-projects\Cutto\app\routers\links.py", line 203, in create
    await redis.set(cache_key, str(data.url), ex=3600)
  File "d:\Projects_VSCode\Python\github-projects\Cutto\.venv\Lib\site-packages\redis\asyncio\client.py", line 764, in execute_command
    conn = self.connection or await pool.get_connection()
                              ^^^^^^^^^^^^^^^^^^^^^^^^^^^
  File "d:\Projects_VSCode\Python\github-projects\Cutto\.venv\Lib\site-packages\redis\utils.py", line 227, in async_wrapper
    return await func(*args, **kwargs)
           ^^^^^^^^^^^^^^^^^^^^^^^^^^^
  File "d:\Projects_VSCode\Python\github-projects\Cutto\.venv\Lib\site-packages\redis\asyncio\connection.py", line 1448, in get_connection
    await self.ensure_connection(connection)
  File "d:\Projects_VSCode\Python\github-projects\Cutto\.venv\Lib\site-packages\redis\asyncio\connection.py", line 1489, in ensure_connection
    await connection.connect()
  File "d:\Projects_VSCode\Python\github-projects\Cutto\.venv\Lib\site-packages\redis\asyncio\connection.py", line 340, in connect
    await self.retry.call_with_retry(
  File "d:\Projects_VSCode\Python\github-projects\Cutto\.venv\Lib\site-packages\redis\asyncio\retry.py", line 81, in call_with_retry
    raise error
  File "d:\Projects_VSCode\Python\github-projects\Cutto\.venv\Lib\site-packages\redis\asyncio\retry.py", line 69, in call_with_retry
    return await do()
           ^^^^^^^^^^
  File "d:\Projects_VSCode\Python\github-projects\Cutto\.venv\Lib\site-packages\redis\asyncio\connection.py", line 397, in connect_check_health
    raise e
redis.exceptions.ConnectionError: Error Multiple exceptions: [Errno 10013] Connect call failed ('::1', 6379, 0, 0), [Errno 10061] Connect call failed ('127.0.0.1', 6379) connecting to localhost:6379.
2026-05-16 21:34:19,685 [ERROR] app.routers.links: Server error during redirect for 'ziut2': 'coroutine' object has no attribute 'where'
Traceback (most recent call last):
  File "/Cutto/app/routers/links.py", line 292, in get_link
    .where(Links.shortened == link)
     ^^^^^
AttributeError: 'coroutine' object has no attribute 'where'
2026-05-16 21:34:28,591 [ERROR] app.routers.links: Server error during redirect for 'ziut2': 'coroutine' object has no attribute 'where'
Traceback (most recent call last):
  File "/Cutto/app/routers/links.py", line 292, in get_link
    .where(Links.shortened == link)
     ^^^^^
AttributeError: 'coroutine' object has no attribute 'where'
2026-05-16 21:35:13,995 [ERROR] app.routers.links: Server error during redirect for 'ziut2': 'coroutine' object has no attribute 'where'
Traceback (most recent call last):
  File "/Cutto/app/routers/links.py", line 292, in get_link
    .where(Links.shortened == link)
     ^^^^^
AttributeError: 'coroutine' object has no attribute 'where'
2026-05-16 21:36:00,509 [ERROR] app.routers.links: Server error during redirect for 'ziut2': 'coroutine' object has no attribute 'where'
Traceback (most recent call last):
  File "/Cutto/app/routers/links.py", line 292, in get_link
    .where(Links.shortened == link)
     ^^^^^
AttributeError: 'coroutine' object has no attribute 'where'
2026-05-16 21:36:29,470 [ERROR] app.routers.links: Server error during redirect for 'ziut2': 'coroutine' object has no attribute 'where'
Traceback (most recent call last):
  File "/Cutto/app/routers/links.py", line 292, in get_link
    .where(Links.shortened == link)
     ^^^^^
AttributeError: 'coroutine' object has no attribute 'where'
2026-05-16 21:36:30,597 [ERROR] app.routers.links: Server error during redirect for 'ziut2': 'coroutine' object has no attribute 'where'
Traceback (most recent call last):
  File "/Cutto/app/routers/links.py", line 292, in get_link
    .where(Links.shortened == link)
     ^^^^^
AttributeError: 'coroutine' object has no attribute 'where'
2026-05-16 21:36:31,248 [ERROR] app.routers.links: Server error during redirect for 'ziut2': 'coroutine' object has no attribute 'where'
Traceback (most recent call last):
  File "/Cutto/app/routers/links.py", line 292, in get_link
    .where(Links.shortened == link)
     ^^^^^
AttributeError: 'coroutine' object has no attribute 'where'
2026-05-16 21:36:34,977 [ERROR] app.routers.links: Server error during redirect for 'gKV6A': 'coroutine' object has no attribute 'where'
Traceback (most recent call last):
  File "/Cutto/app/routers/links.py", line 292, in get_link
    .where(Links.shortened == link)
     ^^^^^
AttributeError: 'coroutine' object has no attribute 'where'
2026-05-16 21:36:44,740 [ERROR] app.routers.links: Server error during redirect for 'gKV6A': 'coroutine' object has no attribute 'where'
Traceback (most recent call last):
  File "/Cutto/app/routers/links.py", line 292, in get_link
    .where(Links.shortened == link)
     ^^^^^
AttributeError: 'coroutine' object has no attribute 'where'
2026-05-16 21:36:45,275 [ERROR] app.routers.links: Server error during redirect for 'gKV6A': 'coroutine' object has no attribute 'where'
Traceback (most recent call last):
  File "/Cutto/app/routers/links.py", line 292, in get_link
    .where(Links.shortened == link)
     ^^^^^
AttributeError: 'coroutine' object has no attribute 'where'
2026-05-16 21:36:45,493 [ERROR] app.routers.links: Server error during redirect for 'gKV6A': 'coroutine' object has no attribute 'where'
Traceback (most recent call last):
  File "/Cutto/app/routers/links.py", line 292, in get_link
    .where(Links.shortened == link)
     ^^^^^
AttributeError: 'coroutine' object has no attribute 'where'
2026-05-16 21:37:16,200 [ERROR] app.routers.links: Server error during redirect for 'gKV6A': 'coroutine' object has no attribute 'where'
Traceback (most recent call last):
  File "/Cutto/app/routers/links.py", line 292, in get_link
    .where(Links.shortened == link)
     ^^^^^
AttributeError: 'coroutine' object has no attribute 'where'
2026-05-16 21:37:28,657 [ERROR] app.routers.links: Server error during redirect for 'WfaN0': 'coroutine' object has no attribute 'where'
Traceback (most recent call last):
  File "/Cutto/app/routers/links.py", line 292, in get_link
    .where(Links.shortened == link)
     ^^^^^
AttributeError: 'coroutine' object has no attribute 'where'
2026-05-16 21:39:55,042 [ERROR] app.routers.links: Server error during redirect for 'gKV6A': 'coroutine' object has no attribute 'where'
Traceback (most recent call last):
  File "/Cutto/app/routers/links.py", line 292, in get_link
    .where(Links.shortened == link)
     ^^^^^
AttributeError: 'coroutine' object has no attribute 'where'
2026-05-16 21:46:31,020 [ERROR] app.routers.links: Server error during redirect for 'vr9Cz': 'coroutine' object has no attribute 'where'
Traceback (most recent call last):
  File "/Cutto/app/routers/links.py", line 292, in get_link
    .where(Links.shortened == link)
     ^^^^^
AttributeError: 'coroutine' object has no attribute 'where'
